This is pdfTeX, Version 3.14159265-2.6-1.40.15 (TeX Live 2014/MacPorts 2014_4) (preloaded format=latex 2015.1.27)  1 FEB 2015 13:01
entering extended mode
 restricted \write18 enabled.
 %&-line parsing enabled.
**report
(/opt/local/share/texmf-texlive/tex/latex/tools/q.tex
LaTeX2e <2014/05/01>
Babel <3.9k> and hyphenation patterns for 2 languages loaded.
File ignored
)
! Emergency stop.
<*> report
          
*** (job aborted, no legal \end found)

 
Here is how much of TeX's memory you used:
 7 strings out of 495026
 264 string characters out of 6181464
 45960 words of memory out of 5000000
 3319 multiletter control sequences out of 15000+600000
 3640 words of font info for 14 fonts, out of 8000000 for 9000
 14 hyphenation exceptions out of 8191
 5i,0n,1p,86b,8s stack positions out of 5000i,500n,10000p,200000b,80000s
No pages of output.
