mktextfm pncr7t
mktextfm pncr7t
mktextfm phvr7t
mktextfm phvb7t
mktextfm nullfont
mktextfm phvr7t
mktextfm pncb7t
mktextfm nullfont
mktextfm pncri7t
mktextfm phvr7t
mktextfm phvb7t
mktextfm nullfont
mktextfm pncb7t
mktextfm nullfont
mktextfm pncr7t
mktextfm pncr7t
mktextfm pncr7t
mktextfm phvr7t
mktextfm phvb7t
mktextfm nullfont
mktextfm phvr7t
mktextfm pncb7t
mktextfm nullfont
mktextfm pncri7t
mktextfm phvr7t
mktextfm phvb7t
mktextfm nullfont
mktextfm pncb7t
mktextfm nullfont
mktextfm pncr7t
mktextfm pncr7t
