This is pdfTeX, Version 3.14159265-2.6-1.40.15 (TeX Live 2014/MacPorts 2014_4) (preloaded format=latex 2015.1.27)  29 JAN 2015 14:57
entering extended mode
 restricted \write18 enabled.
 %&-line parsing enabled.
**report
(./report.tex
LaTeX2e <2014/05/01>
Babel <3.9k> and hyphenation patterns for 2 languages loaded.
(./acmsmall.cls
Document Class: acmsmall 2012/03/05, fonts included on 28 June 2010
(./url.sty
\Urlmuskip=\muskip10
Package: url 2006/04/12  ver 3.3  Verb mode for urls, etc.
)
ACM, Production Font style: 2010/06/28 by Aptara

Using ACM, TECS option: 2010/05/04 by Aptara

(/opt/local/share/texmf-texlive/tex/latex/base/latexsym.sty
Package: latexsym 1998/08/17 v2.2e Standard LaTeX package (lasy symbols)
\symlasy=\mathgroup4
LaTeX Font Info:    Overwriting symbol font `lasy' in version `bold'
(Font)                  U/lasy/m/n --> U/lasy/b/n on input line 47.
)
(/opt/local/share/texmf-texlive/tex/latex/graphics/color.sty
Package: color 2014/04/23 v1.1a Standard LaTeX Color (DPC)

(/opt/local/share/texmf-texlive/tex/latex/latexconfig/color.cfg
File: color.cfg 2007/01/18 v1.5 color configuration of teTeX/TeXLive
)
Package color Info: Driver file: dvips.def on input line 137.

(/opt/local/share/texmf-texlive/tex/latex/graphics/dvips.def
File: dvips.def 2014/04/23 v3.0j Driver-dependant file (DPC,SPQR)
)
(/opt/local/share/texmf-texlive/tex/latex/graphics/dvipsnam.def
File: dvipsnam.def 2014/04/23 v3.0j Driver-dependant file (DPC,SPQR)
))
(/opt/local/share/texmf-texlive/tex/latex/graphics/graphicx.sty
Package: graphicx 2014/04/25 v1.0g Enhanced LaTeX Graphics (DPC,SPQR)

(/opt/local/share/texmf-texlive/tex/latex/graphics/keyval.sty
Package: keyval 2014/05/08 v1.15 key=value parser (DPC)
\KV@toks@=\toks14
)
(/opt/local/share/texmf-texlive/tex/latex/graphics/graphics.sty
Package: graphics 2009/02/05 v1.0o Standard LaTeX Graphics (DPC,SPQR)

(/opt/local/share/texmf-texlive/tex/latex/graphics/trig.sty
Package: trig 1999/03/16 v1.09 sin cos tan (DPC)
)
(/opt/local/share/texmf-texlive/tex/latex/latexconfig/graphics.cfg
File: graphics.cfg 2010/04/23 v1.9 graphics configuration of TeX Live
)
Package graphics Info: Driver file: dvips.def on input line 91.
)
\Gin@req@height=\dimen102
\Gin@req@width=\dimen103
)
Document Class `acmsmall' Electronic Submissions v1.4 <July 09, 2012> (ACM).
\@firstpg=\count79
\@lastpg=\count80
\trimheight=\dimen104
\trimwidth=\dimen105
\normaltextheight=\dimen106
\tempdimen=\dimen107
\tempbox=\box26
\tbbox=\box27
\tabledim=\dimen108
\symnewlargesymbols=\mathgroup5
LaTeX Font Info:    Redeclaring math symbol \bigsqcup on input line 2328.
\normalparindent=\dimen109
\footheight=\skip41
\@maxsep=\skip42
\@dblmaxsep=\skip43
\@totalpg=\count81
\@abstract=\box28
\@permissionbox=\box29
\c@part=\count82
\c@section=\count83
\c@subsection=\count84
\c@subsubsection=\count85
\c@paragraph=\count86
\enumdim=\dimen110
\c@theorem=\count87
\belowcaptionskip=\skip44
\abovecaptionskip=\skip45
\c@figure=\count88
\c@table=\count89
\@narrowfig=\dimen111
\@nfigbox=\box30
\@nfcapbox=\box31
\@nfigbox=\box32
\@nfcapbox=\box33
\bibindent=\dimen112
LaTeX Font Info:    Overwriting math alphabet `\mathbb' in version `normal'
(Font)                  OT1/ams/bx/n --> OT1/ams/bx/n on input line 3910.
LaTeX Font Info:    Overwriting math alphabet `\mathbb' in version `bold'
(Font)                  OT1/ams/bx/n --> OT1/ams/bx/n on input line 3911.
) (./algorithm2e.sty
Package: algorithm2e 2008/00/00 v3.10 algorithms environments
\c@AlgoLine=\count90
 (/opt/local/share/texmf-texlive/tex/latex/base/ifthen.sty
Package: ifthen 2001/05/26 v1.1c Standard LaTeX ifthen package (DPC)
) (/opt/local/share/texmf-texlive/tex/latex/tools/xspace.sty
Package: xspace 2009/10/20 v1.13 Space after command names (DPC,MH)
) (./relsize.sty
Package: relsize 2013/03/29 ver 4.1
)
********************************************************
Package `algorithm2e' Release 4.01 -- december 14 2009 --
- algorithm2e-announce@lirmm.fr mailing list for announcement about releases
- algorithm2e-discussion@lirmm.fr mailing list for discussion about package
subscribe by emailing sympa@lirmm.fr with 'subscribe <list> <firstname name>'
- Author: Christophe Fiorio (fiorio@lirmm.fr)
********************************************************
\skiptotal=\skip46
\skiplinenumber=\skip47
\skiprule=\skip48
\skiphlne=\skip49
\skiptext=\skip50
\skiplength=\skip51
\algomargin=\skip52
\skipalgocfslide=\skip53
\algowidth=\dimen113
\inoutsize=\dimen114
\inoutline=\dimen115
\interspacetitleruled=\dimen116
\interspacealgoruled=\dimen117
\interspacetitleboxruled=\dimen118
\algocf@inoutbox=\box34
\algocf@inputbox=\box35
\AlCapSkip=\skip54
\AlCapHSkip=\skip55
\algocf@nlbox=\box36
\algocf@hangingbox=\box37
\algocf@capbox=\box38
\algoheightruledefault=\skip56
\algoheightrule=\skip57
\algotitleheightruledefault=\skip58
\algotitleheightrule=\skip59
\c@algocfline=\count91
\c@algocfproc=\count92
\c@algocf=\count93
\algocf@algoframe=\box39
\algocf@algobox=\box40
) (/opt/local/share/texmf-texlive/tex/latex/tools/tabularx.sty
Package: tabularx 2014/05/13 v2.10 `tabularx' package (DPC)

(/opt/local/share/texmf-texlive/tex/latex/tools/array.sty
Package: array 2008/09/09 v2.4c Tabular extension package (FMi)
\col@sep=\dimen119
\extrarowheight=\dimen120
\NC@list=\toks15
\extratabsurround=\skip60
\backup@length=\skip61
)
\TX@col@width=\dimen121
\TX@old@table=\dimen122
\TX@old@col=\dimen123
\TX@target=\dimen124
\TX@delta=\dimen125
\TX@cols=\count94
\TX@ftn=\toks16
) (./placeins.sty
Package: placeins 2005/04/18  v 2.2
)
(./report.aux)
\openout1 = `report.aux'.

LaTeX Font Info:    Checking defaults for OML/cmm/m/it on input line 37.
LaTeX Font Info:    ... okay on input line 37.
LaTeX Font Info:    Checking defaults for T1/cmr/m/n on input line 37.
LaTeX Font Info:    ... okay on input line 37.
LaTeX Font Info:    Checking defaults for OT1/cmr/m/n on input line 37.
LaTeX Font Info:    ... okay on input line 37.
LaTeX Font Info:    Checking defaults for OMS/cmsy/m/n on input line 37.
LaTeX Font Info:    ... okay on input line 37.
LaTeX Font Info:    Checking defaults for OMX/cmex/m/n on input line 37.
LaTeX Font Info:    ... okay on input line 37.
LaTeX Font Info:    Checking defaults for U/cmr/m/n on input line 37.
LaTeX Font Info:    ... okay on input line 37.
LaTeX Font Info:    Try loading font information for OT1+pnc on input line 37.
 (/opt/local/share/texmf-texlive/tex/latex/psnfss/ot1pnc.fd
File: ot1pnc.fd 2001/06/04 font definitions for OT1/pnc.
)
LaTeX Font Info:    External font `cmex10' loaded for size
(Font)              <8> on input line 71.
LaTeX Font Info:    External font `cmex10' loaded for size
(Font)              <6> on input line 71.
LaTeX Font Info:    External font `cmex10' loaded for size
(Font)              <5> on input line 71.
LaTeX Font Info:    Try loading font information for U+lasy on input line 71.

(/opt/local/share/texmf-texlive/tex/latex/base/ulasy.fd
File: ulasy.fd 1998/08/17 v2.2e LaTeX symbol font definitions
)
LaTeX Font Info:    Try loading font information for OMS+pnc on input line 71.

(/opt/local/share/texmf-texlive/tex/latex/psnfss/omspnc.fd
File: omspnc.fd 
)
LaTeX Font Info:    Font shape `OMS/pnc/m/n' in size <8> not available
(Font)              Font shape `OMS/cmsy/m/n' tried instead on input line 71.
LaTeX Font Info:    Try loading font information for OT1+phv on input line 73.

(/opt/local/share/texmf-texlive/tex/latex/psnfss/ot1phv.fd
File: ot1phv.fd 2001/06/04 scalable font definitions for OT1/phv.
)
LaTeX Font Info:    Font shape `OT1/phv/bx/n' in size <12> not available
(Font)              Font shape `OT1/phv/b/n' tried instead on input line 73.
LaTeX Font Info:    Font shape `OT1/pnc/bx/n' in size <8> not available
(Font)              Font shape `OT1/pnc/b/n' tried instead on input line 73.
LaTeX Font Info:    Font shape `OT1/phv/bx/n' in size <9> not available
(Font)              Font shape `OT1/phv/b/n' tried instead on input line 76.

Overfull \vbox (72.27pt too high) has occurred while \output is active []

 [1

]

LaTeX Warning: No positions in optional float specifier.
               Default added (so using `tbp') on input line 107.


Underfull \hbox (badness 10000) in paragraph at lines 118--118
[]|\OT1/pnc/m/n/10 Document
 []


Underfull \hbox (badness 10000) in paragraph at lines 118--118
[]|\OT1/pnc/m/n/10 Management
 []


Underfull \hbox (badness 10000) in paragraph at lines 118--118
\OT1/pnc/m/n/10 track-ing
 []


Underfull \hbox (badness 10000) in paragraph at lines 118--118

 []


Underfull \hbox (badness 10000) in paragraph at lines 118--118
\OT1/pnc/m/n/10 Internal
 []


Underfull \hbox (badness 10000) in paragraph at lines 118--118
\OT1/pnc/m/n/10 pro-gram-mers
 []


Underfull \hbox (badness 10000) in paragraph at lines 118--118
[]|\OT1/pnc/m/n/10 Provide spe-
 []


Underfull \hbox (badness 1735) in paragraph at lines 118--118
\OT1/pnc/m/n/10 cific tech-ni-cal
 []


Underfull \hbox (badness 10000) in paragraph at lines 118--118
\OT1/pnc/m/n/10 and track-ing
 []


Underfull \hbox (badness 10000) in paragraph at lines 118--118
\OT1/pnc/m/n/10 in-for-ma-tion
 []


Underfull \hbox (badness 10000) in paragraph at lines 118--118
\OT1/pnc/m/n/10 re-gard-ing
 []


Underfull \hbox (badness 10000) in paragraph at lines 118--118
\OT1/pnc/m/n/10 a bug that
 []


Underfull \hbox (badness 10000) in paragraph at lines 118--118
\OT1/pnc/m/n/10 needs to be
 []


Underfull \hbox (badness 10000) in paragraph at lines 118--118
[]|\OT1/pnc/m/n/10 Conforms
 []


Underfull \hbox (badness 10000) in paragraph at lines 118--118
\OT1/pnc/m/n/10 to in-ter-nal
 []


Underfull \hbox (badness 10000) in paragraph at lines 118--118
\OT1/pnc/m/n/10 spec-i-fi-ca-tions
 []


Underfull \hbox (badness 10000) in paragraph at lines 118--118
\OT1/pnc/m/n/10 de-signed for
 []


Underfull \hbox (badness 10000) in paragraph at lines 118--118
\OT1/pnc/m/n/10 clear com-
 []


Underfull \hbox (badness 10000) in paragraph at lines 118--118
\OT1/pnc/m/n/10 mu-ni-ca-tion
 []


Underfull \hbox (badness 10000) in paragraph at lines 118--118
\OT1/pnc/m/n/10 of tech-ni-cal
 []


Underfull \hbox (badness 10000) in paragraph at lines 118--118
[]|\OT1/pnc/m/n/10 Current cus-
 []


Underfull \hbox (badness 10000) in paragraph at lines 118--118
\OT1/pnc/m/n/10 tomers and
 []


Underfull \hbox (badness 10000) in paragraph at lines 118--118
\OT1/pnc/m/n/10 the gen-eral
 []


Underfull \hbox (badness 10000) in paragraph at lines 118--118

 []


Underfull \hbox (badness 10000) in paragraph at lines 118--118
\OT1/pnc/m/n/10 Company
 []


Underfull \hbox (badness 10000) in paragraph at lines 118--118
[]|\OT1/pnc/m/n/10 Provide cus-
 []


Underfull \hbox (badness 10000) in paragraph at lines 118--118
\OT1/pnc/m/n/10 tomers and
 []


Underfull \hbox (badness 10000) in paragraph at lines 118--118
\OT1/pnc/m/n/10 em-ploy-ees
 []


Underfull \hbox (badness 10000) in paragraph at lines 118--118
\OT1/pnc/m/n/10 with ``state
 []


Underfull \hbox (badness 1264) in paragraph at lines 118--118
\OT1/pnc/m/n/10 of the union"
 []


Underfull \hbox (badness 10000) in paragraph at lines 118--118
\OT1/pnc/m/n/10 in-for-ma-tion
 []


Underfull \hbox (badness 10000) in paragraph at lines 118--118
\OT1/pnc/m/n/10 about the
 []


Underfull \hbox (badness 10000) in paragraph at lines 118--118
[]|\OT1/pnc/m/n/10 Colorful and
 []


Underfull \hbox (badness 10000) in paragraph at lines 118--118

 []


Underfull \hbox (badness 10000) in paragraph at lines 118--118
\OT1/pnc/m/n/10 Different
 []


Underfull \hbox (badness 10000) in paragraph at lines 118--118
\OT1/pnc/m/n/10 font weights
 []


Underfull \hbox (badness 10000) in paragraph at lines 118--118
\OT1/pnc/m/n/10 and col-ors
 []


Underfull \hbox (badness 10000) in paragraph at lines 118--118
\OT1/pnc/m/n/10 high-light
 []


Underfull \hbox (badness 10000) in paragraph at lines 118--118
\OT1/pnc/m/n/10 im-por-tant
 []


Underfull \hbox (badness 10000) in paragraph at lines 118--118
\OT1/pnc/m/n/10 in-for-ma-tion
 []


Underfull \hbox (badness 6944) in paragraph at lines 118--118
\OT1/pnc/m/n/10 and what it
 []


Underfull \hbox (badness 10000) in paragraph at lines 118--118

 []


Underfull \hbox (badness 4441) in paragraph at lines 118--118
\OT1/pnc/m/n/10 new soft-ware
 []


Underfull \hbox (badness 10000) in paragraph at lines 118--118
[]|\OT1/pnc/m/n/10 Programmers
 []


Underfull \hbox (badness 10000) in paragraph at lines 118--118
\OT1/pnc/m/n/10 and other
 []


Underfull \hbox (badness 10000) in paragraph at lines 118--118
\OT1/pnc/m/n/10 em-ploy-ees
 []


Underfull \hbox (badness 10000) in paragraph at lines 118--118
\OT1/pnc/m/n/10 work-ing di-
 []


Underfull \hbox (badness 10000) in paragraph at lines 118--118
\OT1/pnc/m/n/10 rectly with
 []


Underfull \hbox (badness 10000) in paragraph at lines 118--118
[]|\OT1/pnc/m/n/10 Explicitly
 []


Underfull \hbox (badness 10000) in paragraph at lines 118--118
\OT1/pnc/m/n/10 ex-plain code
 []


Underfull \hbox (badness 10000) in paragraph at lines 118--118
\OT1/pnc/m/n/10 pa-ram-e-ters,
 []


Underfull \hbox (badness 10000) in paragraph at lines 118--118
\OT1/pnc/m/n/10 us-age, and
 []


Underfull \hbox (badness 1092) in paragraph at lines 118--118
\OT1/pnc/m/n/10 how the code
 []


Underfull \hbox (badness 10000) in paragraph at lines 118--118
[]|\OT1/pnc/m/n/10 Conforms
 []


Underfull \hbox (badness 10000) in paragraph at lines 118--118
\OT1/pnc/m/n/10 to in-ter-nal
 []


Underfull \hbox (badness 10000) in paragraph at lines 118--118
\OT1/pnc/m/n/10 com-ment-ing
 []

[2] [3] (./report.bbl
Underfull \hbox (badness 2376) in paragraph at lines 47--53
[]\OT1/pnc/m/n/8 Payscale.com. 2015. Pop-u-lar Jobs for Com-puter Sci-ence Ma-j
ors - Col-lege Salary Re-port. (2015).
 []


Underfull \hbox (badness 10000) in paragraph at lines 47--53
\OT1/pnc/m/n/8 http : / / www . payscale . com / college-[]salary-[]report-[]20
14 / choosing-[]a-[]major / popular-[]jobs-[]by-[]major /
 []

) [4] (./report.aux) )
(\end occurred inside a group at level 1)

### simple group (level 1) entered at line 106 ({)
### bottom level 
Here is how much of TeX's memory you used:
 2649 strings out of 495026
 33119 string characters out of 6181464
 108997 words of memory out of 5000000
 5867 multiletter control sequences out of 15000+600000
 11875 words of font info for 38 fonts, out of 8000000 for 9000
 14 hyphenation exceptions out of 8191
 32i,10n,22p,660b,310s stack positions out of 5000i,500n,10000p,200000b,80000s

Output written on report.dvi (4 pages, 12476 bytes).
